<?xml version="1.0" encoding="UTF-8"?>
<!-- Generated by org.testng.reporters.JUnitReportReporter -->
<testsuite hostname="DESKTOP-9GI0D3G" failures="0" tests="1" name="com.ZebraC.TestScripts.TestScript1" time="2.947" errors="0" timestamp="2023-10-26T18:40:24 IST" skipped="0">
  <testcase classname="com.ZebraC.TestScripts.TestScript1" name="tc1" time="2.947"/>
  <system-out/>
</testsuite> <!-- com.ZebraC.TestScripts.TestScript1 -->
