<?xml version="1.0" encoding="UTF-8"?>
<!-- Generated by org.testng.reporters.JUnitReportReporter -->
<testsuite hostname="DESKTOP-9GI0D3G" failures="0" tests="1" name="com.ZebraC.TestScripts.TestScript3Test" time="0.047" errors="0" timestamp="2023-11-06T10:22:08 IST" skipped="0">
  <testcase classname="com.ZebraC.TestScripts.TestScript3Test" name="tc1" time="0.047"/>
  <system-out/>
</testsuite> <!-- com.ZebraC.TestScripts.TestScript3Test -->
